<?xml version="1.0" encoding="UTF-8"?>
<testsuite name="com.sse.dynamicssedropbox.DynamicSseDropboxApplicationTests" tests="1" skipped="0" failures="0" errors="0" timestamp="2019-03-07T18:51:54" hostname="shangrila" time="0.032">
  <properties/>
  <testcase name="contextLoads" classname="com.sse.dynamicssedropbox.DynamicSseDropboxApplicationTests" time="0.032"/>
  <system-out><![CDATA[13:51:50.058 [Test worker] DEBUG org.springframework.test.context.junit4.SpringJUnit4ClassRunner - SpringJUnit4ClassRunner constructor called with [class com.sse.dynamicssedropbox.DynamicSseDropboxApplicationTests]
13:51:50.066 [Test worker] DEBUG org.springframework.test.context.BootstrapUtils - Instantiating CacheAwareContextLoaderDelegate from class [org.springframework.test.context.cache.DefaultCacheAwareContextLoaderDelegate]
13:51:50.073 [Test worker] DEBUG org.springframework.test.context.BootstrapUtils - Instantiating BootstrapContext using constructor [public org.springframework.test.context.support.DefaultBootstrapContext(java.lang.Class,org.springframework.test.context.CacheAwareContextLoaderDelegate)]
13:51:50.096 [Test worker] DEBUG org.springframework.test.context.BootstrapUtils - Instantiating TestContextBootstrapper for test class [com.sse.dynamicssedropbox.DynamicSseDropboxApplicationTests] from class [org.springframework.boot.test.context.SpringBootTestContextBootstrapper]
13:51:50.106 [Test worker] INFO org.springframework.boot.test.context.SpringBootTestContextBootstrapper - Neither @ContextConfiguration nor @ContextHierarchy found for test class [com.sse.dynamicssedropbox.DynamicSseDropboxApplicationTests], using SpringBootContextLoader
13:51:50.109 [Test worker] DEBUG org.springframework.test.context.support.AbstractContextLoader - Did not detect default resource location for test class [com.sse.dynamicssedropbox.DynamicSseDropboxApplicationTests]: class path resource [com/sse/dynamicssedropbox/DynamicSseDropboxApplicationTests-context.xml] does not exist
13:51:50.109 [Test worker] DEBUG org.springframework.test.context.support.AbstractContextLoader - Did not detect default resource location for test class [com.sse.dynamicssedropbox.DynamicSseDropboxApplicationTests]: class path resource [com/sse/dynamicssedropbox/DynamicSseDropboxApplicationTestsContext.groovy] does not exist
13:51:50.110 [Test worker] INFO org.springframework.test.context.support.AbstractContextLoader - Could not detect default resource locations for test class [com.sse.dynamicssedropbox.DynamicSseDropboxApplicationTests]: no resource found for suffixes {-context.xml, Context.groovy}.
13:51:50.110 [Test worker] INFO org.springframework.test.context.support.AnnotationConfigContextLoaderUtils - Could not detect default configuration classes for test class [com.sse.dynamicssedropbox.DynamicSseDropboxApplicationTests]: DynamicSseDropboxApplicationTests does not declare any static, non-private, non-final, nested classes annotated with @Configuration.
13:51:50.150 [Test worker] DEBUG org.springframework.test.context.support.ActiveProfilesUtils - Could not find an 'annotation declaring class' for annotation type [org.springframework.test.context.ActiveProfiles] and class [com.sse.dynamicssedropbox.DynamicSseDropboxApplicationTests]
13:51:50.219 [Test worker] DEBUG org.springframework.context.annotation.ClassPathScanningCandidateComponentProvider - Identified candidate component class: file [/home/zach/student-projects/bscs-projects/sse-dropbox/build/classes/java/main/com/sse/dynamicssedropbox/DynamicSseDropboxApplication.class]
13:51:50.229 [Test worker] INFO org.springframework.boot.test.context.SpringBootTestContextBootstrapper - Found @SpringBootConfiguration com.sse.dynamicssedropbox.DynamicSseDropboxApplication for test class com.sse.dynamicssedropbox.DynamicSseDropboxApplicationTests
13:51:50.315 [Test worker] DEBUG org.springframework.boot.test.context.SpringBootTestContextBootstrapper - @TestExecutionListeners is not present for class [com.sse.dynamicssedropbox.DynamicSseDropboxApplicationTests]: using defaults.
13:51:50.316 [Test worker] INFO org.springframework.boot.test.context.SpringBootTestContextBootstrapper - Loaded default TestExecutionListener class names from location [META-INF/spring.factories]: [org.springframework.boot.test.autoconfigure.restdocs.RestDocsTestExecutionListener, org.springframework.boot.test.autoconfigure.web.client.MockRestServiceServerResetTestExecutionListener, org.springframework.boot.test.autoconfigure.web.servlet.MockMvcPrintOnlyOnFailureTestExecutionListener, org.springframework.boot.test.autoconfigure.web.servlet.WebDriverTestExecutionListener, org.springframework.boot.test.mock.mockito.MockitoTestExecutionListener, org.springframework.boot.test.mock.mockito.ResetMocksTestExecutionListener, org.springframework.test.context.web.ServletTestExecutionListener, org.springframework.test.context.support.DirtiesContextBeforeModesTestExecutionListener, org.springframework.test.context.support.DependencyInjectionTestExecutionListener, org.springframework.test.context.support.DirtiesContextTestExecutionListener, org.springframework.test.context.transaction.TransactionalTestExecutionListener, org.springframework.test.context.jdbc.SqlScriptsTestExecutionListener]
13:51:50.332 [Test worker] INFO org.springframework.boot.test.context.SpringBootTestContextBootstrapper - Using TestExecutionListeners: [org.springframework.test.context.web.ServletTestExecutionListener@10d17103, org.springframework.test.context.support.DirtiesContextBeforeModesTestExecutionListener@7cd98f88, org.springframework.boot.test.mock.mockito.MockitoTestExecutionListener@1c983319, org.springframework.boot.test.autoconfigure.SpringBootDependencyInjectionTestExecutionListener@94d8482, org.springframework.test.context.support.DirtiesContextTestExecutionListener@120fb5c1, org.springframework.test.context.transaction.TransactionalTestExecutionListener@221addc7, org.springframework.test.context.jdbc.SqlScriptsTestExecutionListener@7fc73266, org.springframework.boot.test.autoconfigure.restdocs.RestDocsTestExecutionListener@1acbc088, org.springframework.boot.test.autoconfigure.web.client.MockRestServiceServerResetTestExecutionListener@7505dfad, org.springframework.boot.test.autoconfigure.web.servlet.MockMvcPrintOnlyOnFailureTestExecutionListener@185c02f, org.springframework.boot.test.autoconfigure.web.servlet.WebDriverTestExecutionListener@4797967b, org.springframework.boot.test.mock.mockito.ResetMocksTestExecutionListener@31cd181]
13:51:50.335 [Test worker] DEBUG org.springframework.test.annotation.ProfileValueUtils - Retrieved @ProfileValueSourceConfiguration [null] for test class [com.sse.dynamicssedropbox.DynamicSseDropboxApplicationTests]
13:51:50.335 [Test worker] DEBUG org.springframework.test.annotation.ProfileValueUtils - Retrieved ProfileValueSource type [class org.springframework.test.annotation.SystemProfileValueSource] for class [com.sse.dynamicssedropbox.DynamicSseDropboxApplicationTests]
13:51:50.336 [Test worker] DEBUG org.springframework.test.annotation.ProfileValueUtils - Retrieved @ProfileValueSourceConfiguration [null] for test class [com.sse.dynamicssedropbox.DynamicSseDropboxApplicationTests]
13:51:50.336 [Test worker] DEBUG org.springframework.test.annotation.ProfileValueUtils - Retrieved ProfileValueSource type [class org.springframework.test.annotation.SystemProfileValueSource] for class [com.sse.dynamicssedropbox.DynamicSseDropboxApplicationTests]
13:51:50.340 [Test worker] DEBUG org.springframework.test.context.support.AbstractDirtiesContextTestExecutionListener - Before test class: context [DefaultTestContext@6f29f10a testClass = DynamicSseDropboxApplicationTests, testInstance = [null], testMethod = [null], testException = [null], mergedContextConfiguration = [WebMergedContextConfiguration@69a1135c testClass = DynamicSseDropboxApplicationTests, locations = '{}', classes = '{class com.sse.dynamicssedropbox.DynamicSseDropboxApplication}', contextInitializerClasses = '[]', activeProfiles = '{}', propertySourceLocations = '{}', propertySourceProperties = '{org.springframework.boot.test.context.SpringBootTestContextBootstrapper=true}', contextCustomizers = set[org.springframework.boot.test.autoconfigure.properties.PropertyMappingContextCustomizer@0, org.springframework.boot.test.autoconfigure.web.servlet.WebDriverContextCustomizerFactory$Customizer@b03fdc7, org.springframework.boot.test.context.filter.ExcludeFilterContextCustomizer@37377a0d, org.springframework.boot.test.json.DuplicateJsonObjectContextCustomizerFactory$DuplicateJsonObjectContextCustomizer@5a6a5f68, org.springframework.boot.test.mock.mockito.MockitoContextCustomizer@0, org.springframework.boot.test.web.client.TestRestTemplateContextCustomizer@171b6cc1], resourceBasePath = 'src/main/webapp', contextLoader = 'org.springframework.boot.test.context.SpringBootContextLoader', parent = [null]], attributes = map['org.springframework.test.context.web.ServletTestExecutionListener.activateListener' -> true]], class annotated with @DirtiesContext [false] with mode [null].
13:51:50.341 [Test worker] DEBUG org.springframework.test.annotation.ProfileValueUtils - Retrieved @ProfileValueSourceConfiguration [null] for test class [com.sse.dynamicssedropbox.DynamicSseDropboxApplicationTests]
13:51:50.341 [Test worker] DEBUG org.springframework.test.annotation.ProfileValueUtils - Retrieved ProfileValueSource type [class org.springframework.test.annotation.SystemProfileValueSource] for class [com.sse.dynamicssedropbox.DynamicSseDropboxApplicationTests]
13:51:50.374 [Test worker] DEBUG org.springframework.test.context.support.TestPropertySourceUtils - Adding inlined properties to environment: {spring.jmx.enabled=false, org.springframework.boot.test.context.SpringBootTestContextBootstrapper=true, server.port=-1}

  .   ____          _            __ _ _
 /\\ / ___'_ __ _ _(_)_ __  __ _ \ \ \ \
( ( )\___ | '_ | '_| | '_ \/ _` | \ \ \ \
 \\/  ___)| |_)| | | | | || (_| |  ) ) ) )
  '  |____| .__|_| |_|_| |_\__, | / / / /
 =========|_|==============|___/=/_/_/_/
 :: Spring Boot ::        (v2.1.3.RELEASE)

2019-03-07 13:51:50.585  INFO 6456 --- [    Test worker] c.s.d.DynamicSseDropboxApplicationTests  : Starting DynamicSseDropboxApplicationTests on shangrila with PID 6456 (started by zach in /home/zach/student-projects/bscs-projects/sse-dropbox)
2019-03-07 13:51:50.587  INFO 6456 --- [    Test worker] c.s.d.DynamicSseDropboxApplicationTests  : No active profile set, falling back to default profiles: default
2019-03-07 13:51:51.303  INFO 6456 --- [    Test worker] .s.d.r.c.RepositoryConfigurationDelegate : Bootstrapping Spring Data repositories in DEFAULT mode.
2019-03-07 13:51:51.381  INFO 6456 --- [    Test worker] .s.d.r.c.RepositoryConfigurationDelegate : Finished Spring Data repository scanning in 58ms. Found 1 repository interfaces.
2019-03-07 13:51:51.811  INFO 6456 --- [    Test worker] trationDelegate$BeanPostProcessorChecker : Bean 'org.springframework.transaction.annotation.ProxyTransactionManagementConfiguration' of type [org.springframework.transaction.annotation.ProxyTransactionManagementConfiguration$$EnhancerBySpringCGLIB$$a0e1f374] is not eligible for getting processed by all BeanPostProcessors (for example: not eligible for auto-proxying)
2019-03-07 13:51:52.005  INFO 6456 --- [    Test worker] com.zaxxer.hikari.HikariDataSource       : HikariPool-1 - Starting...
2019-03-07 13:51:52.197  INFO 6456 --- [    Test worker] com.zaxxer.hikari.HikariDataSource       : HikariPool-1 - Start completed.
2019-03-07 13:51:52.286  INFO 6456 --- [    Test worker] o.hibernate.jpa.internal.util.LogHelper  : HHH000204: Processing PersistenceUnitInfo [
	name: default
	...]
2019-03-07 13:51:52.345  INFO 6456 --- [    Test worker] org.hibernate.Version                    : HHH000412: Hibernate Core {5.3.7.Final}
2019-03-07 13:51:52.346  INFO 6456 --- [    Test worker] org.hibernate.cfg.Environment            : HHH000206: hibernate.properties not found
2019-03-07 13:51:52.475  INFO 6456 --- [    Test worker] o.hibernate.annotations.common.Version   : HCANN000001: Hibernate Commons Annotations {5.0.4.Final}
2019-03-07 13:51:52.598  INFO 6456 --- [    Test worker] org.hibernate.dialect.Dialect            : HHH000400: Using dialect: org.hibernate.dialect.H2Dialect
2019-03-07 13:51:53.147  INFO 6456 --- [    Test worker] o.h.t.schema.internal.SchemaCreatorImpl  : HHH000476: Executing import script 'org.hibernate.tool.schema.internal.exec.ScriptSourceInputNonExistentImpl@c5ff35a'
2019-03-07 13:51:53.150  INFO 6456 --- [    Test worker] j.LocalContainerEntityManagerFactoryBean : Initialized JPA EntityManagerFactory for persistence unit 'default'
2019-03-07 13:51:53.703  WARN 6456 --- [    Test worker] aWebConfiguration$JpaWebMvcConfiguration : spring.jpa.open-in-view is enabled by default. Therefore, database queries may be performed during view rendering. Explicitly configure spring.jpa.open-in-view to disable this warning
2019-03-07 13:51:54.318  INFO 6456 --- [    Test worker] o.s.s.web.DefaultSecurityFilterChain     : Creating filter chain: any request, [org.springframework.security.web.context.request.async.WebAsyncManagerIntegrationFilter@824a051, org.springframework.security.web.context.SecurityContextPersistenceFilter@75efdaef, org.springframework.security.web.header.HeaderWriterFilter@78d85506, org.springframework.security.web.authentication.logout.LogoutFilter@6b38bb32, org.springframework.security.web.savedrequest.RequestCacheAwareFilter@5095fc4c, org.springframework.security.web.servletapi.SecurityContextHolderAwareRequestFilter@1ddbd469, org.springframework.security.web.authentication.AnonymousAuthenticationFilter@636c6140, org.springframework.security.web.session.SessionManagementFilter@2e920049, org.springframework.security.web.access.ExceptionTranslationFilter@65361a1e, org.springframework.security.web.access.intercept.FilterSecurityInterceptor@7284fca3]
2019-03-07 13:51:54.984  INFO 6456 --- [    Test worker] c.s.d.DynamicSseDropboxApplicationTests  : Started DynamicSseDropboxApplicationTests in 4.604 seconds (JVM running for 5.567)
]]></system-out>
  <system-err><![CDATA[]]></system-err>
</testsuite>
